<?xml version="1.0" encoding="UTF-8"?>
<!-- Generated by org.testng.reporters.JUnitReportReporter -->
<testsuite skipped="0" hostname="LAPTOP-FGDVT8TN" name="testScripts.LaunchBrowserTest" tests="1" failures="0" timestamp="27 Apr 2019 11:05:11 GMT" time="23.811" errors="0">
  <testcase name="LaumchBrowser" time="23.811" classname="testScripts.LaunchBrowserTest"/>
</testsuite> <!-- testScripts.LaunchBrowserTest -->
