<?xml version="1.0" encoding="UTF-8"?>
<!-- Generated by org.testng.reporters.JUnitReportReporter -->
<testsuite skipped="3" hostname="LAPTOP-FGDVT8TN" name="testScripts.OnlineCatalogTest" tests="4" failures="0" timestamp="01 May 2019 13:02:10 GMT" time="111.618" errors="0">
  <testcase name="verifyUserisAbleToResetfilledValueUsingResetFormBtnOnOnlineCatalogPage" time="111.618" classname="testScripts.OnlineCatalogTest"/>
  <testcase name="verifyButtonsResetFormAndPlaceAndOrderOnOnlineCatalogPage" classname="testScripts.OnlineCatalogTest">
    <skipped/>
  </testcase> <!-- verifyButtonsResetFormAndPlaceAndOrderOnOnlineCatalogPage -->
  <testcase name="verifyUserisUnableToPlaceOrderWithoutSelectingProductOnOnlineCatalogPage" classname="testScripts.OnlineCatalogTest">
    <skipped/>
  </testcase> <!-- verifyUserisUnableToPlaceOrderWithoutSelectingProductOnOnlineCatalogPage -->
  <testcase name="verify6ItemsDisplayedOnOnlineCatalogPage" classname="testScripts.OnlineCatalogTest">
    <skipped/>
  </testcase> <!-- verify6ItemsDisplayedOnOnlineCatalogPage -->
</testsuite> <!-- testScripts.OnlineCatalogTest -->
