<?xml version="1.0" encoding="UTF-8"?>
<!-- Generated by org.testng.reporters.JUnitReportReporter -->
<testsuite skipped="0" hostname="LAPTOP-FGDVT8TN" name="testScripts.WelcomePageTest" tests="3" failures="0" timestamp="30 Apr 2019 17:49:38 GMT" time="36.581" errors="0">
  <testcase name="verifyBtnVisibilityOnWelcomePage" time="17.995" classname="testScripts.WelcomePageTest"/>
  <testcase name="verifyTextGMOOnlineOnWelcomePage" time="7.774" classname="testScripts.WelcomePageTest"/>
  <testcase name="verifyBtnGMOOnlineisclickableOnWelcomePage" time="10.812" classname="testScripts.WelcomePageTest"/>
</testsuite> <!-- testScripts.WelcomePageTest -->
